# JRE version: Java(TM) SE Runtime Environment (8.0_171-b11) (build 1.8.0_171-b11)
# Java VM: Java HotSpot(TM) 64-Bit Server VM (25.171-b11 mixed mode windows-amd64 compressed oops)
Heap:
 PSYoungGen      total 235520K, used 219094K [0x00000000d6180000, 0x00000000e6a00000, 0x0000000100000000)
  eden space 229888K, 92% used [0x00000000d6180000,0x00000000e3230a98,0x00000000e4200000)
  from space 5632K, 95% used [0x00000000e4f00000,0x00000000e5444d90,0x00000000e5480000)
  to   space 16384K, 0% used [0x00000000e5a00000,0x00000000e5a00000,0x00000000e6a00000)
 ParOldGen       total 86016K, used 38205K [0x0000000082400000, 0x0000000087800000, 0x00000000d6180000)
  object space 86016K, 44% used [0x0000000082400000,0x000000008494f630,0x0000000087800000)
 Metaspace       used 19877K, capacity 20100K, committed 20480K, reserved 1067008K
  class space    used 1853K, capacity 1931K, committed 2048K, reserved 1048576K
GC Heap History (10 events):
Event: 2.283 GC heap before
{Heap before GC invocations=5 (full 0):
 PSYoungGen      total 136192K, used 135546K [0x00000000d6180000, 0x00000000deb80000, 0x0000000100000000)
  eden space 131072K, 99% used [0x00000000d6180000,0x00000000de1794f0,0x00000000de180000)
  from space 5120K, 87% used [0x00000000de680000,0x00000000deae53f0,0x00000000deb80000)
  to   space 5120K, 0% used [0x00000000de180000,0x00000000de180000,0x00000000de680000)
 ParOldGen       total 86016K, used 29963K [0x0000000082400000, 0x0000000087800000, 0x00000000d6180000)
  object space 86016K, 34% used [0x0000000082400000,0x0000000084142c00,0x0000000087800000)
 Metaspace       used 10819K, capacity 10982K, committed 11392K, reserved 1058816K
  class space    used 1212K, capacity 1289K, committed 1408K, reserved 1048576K
Event: 2.287 GC heap after
Heap after GC invocations=5 (full 0):
 PSYoungGen      total 136192K, used 4564K [0x00000000d6180000, 0x00000000e8780000, 0x0000000100000000)
  eden space 131072K, 0% used [0x00000000d6180000,0x00000000d6180000,0x00000000de180000)
  from space 5120K, 89% used [0x00000000de180000,0x00000000de5f53f0,0x00000000de680000)
  to   space 19456K, 0% used [0x00000000e7480000,0x00000000e7480000,0x00000000e8780000)
 ParOldGen       total 86016K, used 32672K [0x0000000082400000, 0x0000000087800000, 0x00000000d6180000)
  object space 86016K, 37% used [0x0000000082400000,0x00000000843e80a0,0x0000000087800000)
 Metaspace       used 10819K, capacity 10982K, committed 11392K, reserved 1058816K
  class space    used 1212K, capacity 1289K, committed 1408K, reserved 1048576K
}
Event: 4.259 GC heap before
{Heap before GC invocations=6 (full 0):
 PSYoungGen      total 136192K, used 135636K [0x00000000d6180000, 0x00000000e8780000, 0x0000000100000000)
  eden space 131072K, 100% used [0x00000000d6180000,0x00000000de180000,0x00000000de180000)
  from space 5120K, 89% used [0x00000000de180000,0x00000000de5f53f0,0x00000000de680000)
  to   space 19456K, 0% used [0x00000000e7480000,0x00000000e7480000,0x00000000e8780000)
 ParOldGen       total 86016K, used 32672K [0x0000000082400000, 0x0000000087800000, 0x00000000d6180000)
  object space 86016K, 37% used [0x0000000082400000,0x00000000843e80a0,0x0000000087800000)
 Metaspace       used 18179K, capacity 18322K, committed 18816K, reserved 1067008K
  class space    used 1782K, capacity 1832K, committed 1920K, reserved 1048576K
Event: 4.273 GC heap after
Heap after GC invocations=6 (full 0):
 PSYoungGen      total 281600K, used 11111K [0x00000000d6180000, 0x00000000e8780000, 0x0000000100000000)
  eden space 262144K, 0% used [0x00000000d6180000,0x00000000d6180000,0x00000000e6180000)
  from space 19456K, 57% used [0x00000000e7480000,0x00000000e7f59c98,0x00000000e8780000)
  to   space 19456K, 0% used [0x00000000e6180000,0x00000000e6180000,0x00000000e7480000)
 ParOldGen       total 86016K, used 32672K [0x0000000082400000, 0x0000000087800000, 0x00000000d6180000)
  object space 86016K, 37% used [0x0000000082400000,0x00000000843e80a0,0x0000000087800000)
 Metaspace       used 18179K, capacity 18322K, committed 18816K, reserved 1067008K
  class space    used 1782K, capacity 1832K, committed 1920K, reserved 1048576K
}
Event: 191.810 GC heap before
{Heap before GC invocations=7 (full 0):
 PSYoungGen      total 281600K, used 273255K [0x00000000d6180000, 0x00000000e8780000, 0x0000000100000000)
  eden space 262144K, 100% used [0x00000000d6180000,0x00000000e6180000,0x00000000e6180000)
  from space 19456K, 57% used [0x00000000e7480000,0x00000000e7f59c98,0x00000000e8780000)
  to   space 19456K, 0% used [0x00000000e6180000,0x00000000e6180000,0x00000000e7480000)
 ParOldGen       total 86016K, used 32672K [0x0000000082400000, 0x0000000087800000, 0x00000000d6180000)
  object space 86016K, 37% used [0x0000000082400000,0x00000000843e80a0,0x0000000087800000)
 Metaspace       used 19767K, capacity 19972K, committed 20480K, reserved 1067008K
  class space    used 1848K, capacity 1931K, committed 2048K, reserved 1048576K
Event: 191.838 GC heap after
Heap after GC invocations=7 (full 0):
 PSYoungGen      total 259072K, used 8149K [0x00000000d6180000, 0x00000000e7980000, 0x0000000100000000)
  eden space 250880K, 0% used [0x00000000d6180000,0x00000000d6180000,0x00000000e5680000)
  from space 8192K, 99% used [0x00000000e6180000,0x00000000e6975448,0x00000000e6980000)
  to   space 16384K, 0% used [0x00000000e6980000,0x00000000e6980000,0x00000000e7980000)
 ParOldGen       total 86016K, used 35739K [0x0000000082400000, 0x0000000087800000, 0x00000000d6180000)
  object space 86016K, 41% used [0x0000000082400000,0x00000000846e6d68,0x0000000087800000)
 Metaspace       used 19767K, capacity 19972K, committed 20480K, reserved 1067008K
  class space    used 1848K, capacity 1931K, committed 2048K, reserved 1048576K
}
Event: 193.305 GC heap before
{Heap before GC invocations=8 (full 0):
 PSYoungGen      total 259072K, used 258430K [0x00000000d6180000, 0x00000000e7980000, 0x0000000100000000)
  eden space 250880K, 99% used [0x00000000d6180000,0x00000000e55ea5d8,0x00000000e5680000)
  from space 8192K, 99% used [0x00000000e6180000,0x00000000e6975448,0x00000000e6980000)
  to   space 16384K, 0% used [0x00000000e6980000,0x00000000e6980000,0x00000000e7980000)
 ParOldGen       total 86016K, used 35739K [0x0000000082400000, 0x0000000087800000, 0x00000000d6180000)
  object space 86016K, 41% used [0x0000000082400000,0x00000000846e6d68,0x0000000087800000)
 Metaspace       used 19813K, capacity 20036K, committed 20480K, reserved 1067008K
  class space    used 1848K, capacity 1931K, committed 2048K, reserved 1048576K
Event: 193.315 GC heap after
Heap after GC invocations=8 (full 0):
 PSYoungGen      total 246784K, used 6464K [0x00000000d6180000, 0x00000000e7000000, 0x0000000100000000)
  eden space 240128K, 0% used [0x00000000d6180000,0x00000000d6180000,0x00000000e4c00000)
  from space 6656K, 97% used [0x00000000e6980000,0x00000000e6fd0088,0x00000000e7000000)
  to   space 16896K, 0% used [0x00000000e4f00000,0x00000000e4f00000,0x00000000e5f80000)
 ParOldGen       total 86016K, used 35771K [0x0000000082400000, 0x0000000087800000, 0x00000000d6180000)
  object space 86016K, 41% used [0x0000000082400000,0x00000000846eed68,0x0000000087800000)
 Metaspace       used 19813K, capacity 20036K, committed 20480K, reserved 1067008K
  class space    used 1848K, capacity 1931K, committed 2048K, reserved 1048576K
}
Event: 194.675 GC heap before
{Heap before GC invocations=9 (full 0):
 PSYoungGen      total 246784K, used 246592K [0x00000000d6180000, 0x00000000e7000000, 0x0000000100000000)
  eden space 240128K, 100% used [0x00000000d6180000,0x00000000e4c00000,0x00000000e4c00000)
  from space 6656K, 97% used [0x00000000e6980000,0x00000000e6fd0088,0x00000000e7000000)
  to   space 16896K, 0% used [0x00000000e4f00000,0x00000000e4f00000,0x00000000e5f80000)
 ParOldGen       total 86016K, used 35771K [0x0000000082400000, 0x0000000087800000, 0x00000000d6180000)
  object space 86016K, 41% used [0x0000000082400000,0x00000000846eed68,0x0000000087800000)
 Metaspace       used 19820K, capacity 20036K, committed 20480K, reserved 1067008K
  class space    used 1848K, capacity 1931K, committed 2048K, reserved 1048576K
Event: 194.683 GC heap after
Heap after GC invocations=9 (full 0):
 PSYoungGen      total 235520K, used 5395K [0x00000000d6180000, 0x00000000e6a00000, 0x0000000100000000)
  eden space 229888K, 0% used [0x00000000d6180000,0x00000000d6180000,0x00000000e4200000)
  from space 5632K, 95% used [0x00000000e4f00000,0x00000000e5444d90,0x00000000e5480000)
  to   space 16384K, 0% used [0x00000000e5a00000,0x00000000e5a00000,0x00000000e6a00000)
 ParOldGen       total 86016K, used 38205K [0x0000000082400000, 0x0000000087800000, 0x00000000d6180000)
  object space 86016K, 44% used [0x0000000082400000,0x000000008494f630,0x0000000087800000)
 Metaspace       used 19820K, capacity 20036K, committed 20480K, reserved 1067008K
  class space    used 1848K, capacity 1931K, committed 2048K, reserved 1048576K
}

